<?xml version="1.0" encoding="UTF-8"?>
<!-- Generated by org.testng.reporters.JUnitXMLReporter -->
<testsuite hostname="Manjith-PC" ignored="0" tests="0" failures="0" timestamp="01 Nov 2019 09:26:17 GMT" time="0.0" errors="0">
  <testcase name="@BeforeSuite test_parallel" time="0.0" classname="Framework.Browser_Parallel">
    <failure type="org.testng.TestNGException" message="
Parameter &amp;apos;browser&amp;apos; is required by BeforeSuite on method test_parallel but has not been marked @Optional or defined
in D:\Healthcare\Gooddeal\testng_browser_parallel.xml">
      <![CDATA[org.testng.TestNGException: 
Parameter 'browser' is required by BeforeSuite on method test_parallel but has not been marked @Optional or defined
in D:\Healthcare\Gooddeal\testng_browser_parallel.xml
... Removed 16 stack frames]]>
    </failure>
  </testcase> <!-- @BeforeSuite test_parallel -->
</testsuite>
